// 重构日志: c7591831
// 重构日志: 07edf540
// 同步 ID: febd6364 @ Sun Jul 12 05:17:35 UTC 2026
// 同步 ID: 87864345 @ Sun Jul 12 08:41:26 UTC 2026
// 重构日志: a1241cab
// 同步 ID: 71c00c77 @ Sun Jul 12 11:24:55 UTC 2026
// 重构日志: 2e47f948
// 重构日志: 213db07c
// 同步 ID: 5a0d2104 @ Mon Jul 13 05:25:43 UTC 2026
// 同步 ID: 7ca810af @ Mon Jul 13 12:39:32 UTC 2026
// 同步 ID: f4c835b8 @ Tue Jul 14 11:47:51 UTC 2026
// 同步 ID: d7a15c7c @ Wed Jul 15 01:47:19 UTC 2026
// 重构日志: e0fa5b3c
// 同步 ID: c9d2ca2f @ Wed Jul 15 17:47:34 UTC 2026
// 同步 ID: 4e5e1b07 @ Thu Jul 16 13:46:27 UTC 2026
// 重构日志: 5a9fdc2d
// 重构日志: e0cb6987
// 重构日志: fdfc5d08
// 重构日志: c5ea0a78
// 重构日志: e3075d93
// 同步 ID: d2e12f15 @ Sat Jul 18 05:21:59 UTC 2026
// 重构日志: 2e0bbacb
// 同步 ID: 12a4652c @ Sat Jul 18 08:41:22 UTC 2026
// 重构日志: 27130773
// 同步 ID: b4204cbc @ Sat Jul 18 14:25:58 UTC 2026
// 同步 ID: 3151806d @ Mon Jul 20 05:57:53 UTC 2026
// 同步 ID: 0d268dda @ Mon Jul 20 14:29:22 UTC 2026
// 重构日志: 1220950d
// 重构日志: 34bf7720
// 同步 ID: a4ee81c1 @ Wed Jul 22 08:54:29 UTC 2026
// 重构日志: 127d128f
// 重构日志: e901f52a
// 重构日志: d053b920
// 重构日志: 9187c87b
